
  ___  ____  ____  ____  ____ (R)
 /__    /   ____/   /   ____/
___/   /   /___/   /   /___/   16.1   Copyright 1985-2019 StataCorp LLC
  Statistics/Data analysis            StataCorp
                                      4905 Lakeway Drive
     Special Edition                  College Station, Texas 77845 USA
                                      800-STATA-PC        https://www.stata.com
                                      979-696-4600        stata@stata.com
                                      979-696-4601 (fax)

Stata license: Single-user , expiring  5 Jul 2021
Serial number: 401609700731
  Licensed to: Yongseok Kim
               Indiana University Bloomington

Notes:
      1. Stata is running in batch mode.
      2. Unicode is supported; see help unicode_advice.
      3. Maximum number of variables is set to 5,000; see help set_maxvar.

. do draw_figure1.do 

. clear all

. set more off

. set graphics off

. 
. cd "~/Projects/Replication/LRZ2008"
/Users/apple/Projects/Replication/LRZ2008

. 
. /* Figure 1: Panel A */
. use "analysis/input/prepared", clear

. 
. foreach year of num 1965/2003 {
  2.         preserve
  3.         keep if inrange(fyear, `year', `year' + 20)
  4.         egen levport = cut(blev) if fyear == `year', group(4)
  5.         replace levport = levport[_n - 1] if (gvkey == gvkey[_n - 1]) & mi
> ssing(levport)
  6.         gen eventtime = fyear - `year'
  7.         collapse (mean) blev`year' = blev (semean) ste`year' = blev, by(ev
> enttime levport)
  8.         drop if missing(levport)
  9.         save analysis/temp/levport`year', replace
 10.         restore
 11. }
(155,672 observations deleted)
(112,936 missing values generated)
(22,063 real changes made)
(21 observations deleted)
file analysis/temp/levport1965.dta saved
(150,673 observations deleted)
(117,759 missing values generated)
(23,064 real changes made)
(21 observations deleted)
file analysis/temp/levport1966.dta saved
(146,543 observations deleted)
(121,677 missing values generated)
(23,469 real changes made)
(21 observations deleted)
file analysis/temp/levport1967.dta saved
(142,729 observations deleted)
(124,847 missing values generated)
(26,174 real changes made)
(21 observations deleted)
file analysis/temp/levport1968.dta saved
(139,671 observations deleted)
(127,683 missing values generated)
(26,635 real changes made)
(21 observations deleted)
file analysis/temp/levport1969.dta saved
(136,763 observations deleted)
(130,288 missing values generated)
(27,348 real changes made)
(21 observations deleted)
file analysis/temp/levport1970.dta saved
(133,792 observations deleted)
(133,100 missing values generated)
(27,873 real changes made)
(21 observations deleted)
file analysis/temp/levport1971.dta saved
(130,637 observations deleted)
(136,112 missing values generated)
(28,140 real changes made)
(21 observations deleted)
file analysis/temp/levport1972.dta saved
(126,565 observations deleted)
(139,774 missing values generated)
(30,654 real changes made)
(21 observations deleted)
file analysis/temp/levport1973.dta saved
(122,400 observations deleted)
(142,389 missing values generated)
(38,328 real changes made)
(21 observations deleted)
file analysis/temp/levport1974.dta saved
(119,001 observations deleted)
(145,745 missing values generated)
(37,238 real changes made)
(21 observations deleted)
file analysis/temp/levport1975.dta saved
(115,509 observations deleted)
(149,220 missing values generated)
(35,709 real changes made)
(21 observations deleted)
file analysis/temp/levport1976.dta saved
(112,260 observations deleted)
(152,455 missing values generated)
(35,182 real changes made)
(21 observations deleted)
file analysis/temp/levport1977.dta saved
(108,617 observations deleted)
(156,193 missing values generated)
(34,065 real changes made)
(21 observations deleted)
file analysis/temp/levport1978.dta saved
(104,814 observations deleted)
(160,076 missing values generated)
(32,707 real changes made)
(21 observations deleted)
file analysis/temp/levport1979.dta saved
(101,291 observations deleted)
(163,529 missing values generated)
(32,872 real changes made)
(21 observations deleted)
file analysis/temp/levport1980.dta saved
(98,291 observations deleted)
(166,488 missing values generated)
(32,434 real changes made)
(21 observations deleted)
file analysis/temp/levport1981.dta saved
(95,677 observations deleted)
(168,786 missing values generated)
(34,107 real changes made)
(21 observations deleted)
file analysis/temp/levport1982.dta saved
(93,649 observations deleted)
(170,554 missing values generated)
(34,417 real changes made)
(21 observations deleted)
file analysis/temp/levport1983.dta saved
(100,746 observations deleted)
(163,444 missing values generated)
(33,931 real changes made)
(20 observations deleted)
file analysis/temp/levport1984.dta saved
(107,900 observations deleted)
(155,914 missing values generated)
(34,391 real changes made)
(19 observations deleted)
file analysis/temp/levport1985.dta saved
(115,467 observations deleted)
(148,032 missing values generated)
(34,283 real changes made)
(18 observations deleted)
file analysis/temp/levport1986.dta saved
(123,379 observations deleted)
(140,773 missing values generated)
(32,863 real changes made)
(17 observations deleted)
file analysis/temp/levport1987.dta saved
(130,606 observations deleted)
(133,717 missing values generated)
(31,152 real changes made)
(16 observations deleted)
file analysis/temp/levport1988.dta saved
(137,715 observations deleted)
(126,742 missing values generated)
(29,808 real changes made)
(15 observations deleted)
file analysis/temp/levport1989.dta saved
(144,697 observations deleted)
(119,767 missing values generated)
(27,748 real changes made)
(14 observations deleted)
file analysis/temp/levport1990.dta saved
(151,694 observations deleted)
(112,666 missing values generated)
(27,023 real changes made)
(13 observations deleted)
file analysis/temp/levport1991.dta saved
(158,795 observations deleted)
(105,233 missing values generated)
(26,771 real changes made)
(12 observations deleted)
file analysis/temp/levport1992.dta saved
(166,243 observations deleted)
(96,630 missing values generated)
(27,204 real changes made)
(11 observations deleted)
file analysis/temp/levport1993.dta saved
(174,753 observations deleted)
(87,610 missing values generated)
(26,411 real changes made)
(10 observations deleted)
file analysis/temp/levport1994.dta saved
(183,758 observations deleted)
(77,844 missing values generated)
(26,735 real changes made)
(9 observations deleted)
file analysis/temp/levport1995.dta saved
(193,600 observations deleted)
(67,836 missing values generated)
(23,699 real changes made)
(8 observations deleted)
file analysis/temp/levport1996.dta saved
(203,594 observations deleted)
(58,076 missing values generated)
(20,254 real changes made)
(7 observations deleted)
file analysis/temp/levport1997.dta saved
(213,382 observations deleted)
(47,968 missing values generated)
(18,315 real changes made)
(6 observations deleted)
file analysis/temp/levport1998.dta saved
(223,594 observations deleted)
(37,719 missing values generated)
(15,225 real changes made)
(5 observations deleted)
file analysis/temp/levport1999.dta saved
(233,857 observations deleted)
(27,886 missing values generated)
(11,459 real changes made)
(4 observations deleted)
file analysis/temp/levport2000.dta saved
(243,741 observations deleted)
(18,515 missing values generated)
(7,673 real changes made)
(3 observations deleted)
file analysis/temp/levport2001.dta saved
(253,181 observations deleted)
(9,456 missing values generated)
(3,875 real changes made)
(2 observations deleted)
file analysis/temp/levport2002.dta saved
(262,271 observations deleted)
(553 missing values generated)
(0 real changes made)
(1 observation deleted)
file analysis/temp/levport2003.dta saved

. 
. use "analysis/temp/levport1965", clear

. 
. foreach year of num 1966/2003 {
  2.         merge 1:1 eventtime levport using analysis/temp/levport`year'
  3.         drop _merge
  4. }

    Result                           # of obs.
    -----------------------------------------
    not matched                             0
    matched                                84  (_merge==3)
    -----------------------------------------

    Result                           # of obs.
    -----------------------------------------
    not matched                             0
    matched                                84  (_merge==3)
    -----------------------------------------

    Result                           # of obs.
    -----------------------------------------
    not matched                             0
    matched                                84  (_merge==3)
    -----------------------------------------

    Result                           # of obs.
    -----------------------------------------
    not matched                             0
    matched                                84  (_merge==3)
    -----------------------------------------

    Result                           # of obs.
    -----------------------------------------
    not matched                             0
    matched                                84  (_merge==3)
    -----------------------------------------

    Result                           # of obs.
    -----------------------------------------
    not matched                             0
    matched                                84  (_merge==3)
    -----------------------------------------

    Result                           # of obs.
    -----------------------------------------
    not matched                             0
    matched                                84  (_merge==3)
    -----------------------------------------

    Result                           # of obs.
    -----------------------------------------
    not matched                             0
    matched                                84  (_merge==3)
    -----------------------------------------

    Result                           # of obs.
    -----------------------------------------
    not matched                             0
    matched                                84  (_merge==3)
    -----------------------------------------

    Result                           # of obs.
    -----------------------------------------
    not matched                             0
    matched                                84  (_merge==3)
    -----------------------------------------

    Result                           # of obs.
    -----------------------------------------
    not matched                             0
    matched                                84  (_merge==3)
    -----------------------------------------

    Result                           # of obs.
    -----------------------------------------
    not matched                             0
    matched                                84  (_merge==3)
    -----------------------------------------

    Result                           # of obs.
    -----------------------------------------
    not matched                             0
    matched                                84  (_merge==3)
    -----------------------------------------

    Result                           # of obs.
    -----------------------------------------
    not matched                             0
    matched                                84  (_merge==3)
    -----------------------------------------

    Result                           # of obs.
    -----------------------------------------
    not matched                             0
    matched                                84  (_merge==3)
    -----------------------------------------

    Result                           # of obs.
    -----------------------------------------
    not matched                             0
    matched                                84  (_merge==3)
    -----------------------------------------

    Result                           # of obs.
    -----------------------------------------
    not matched                             0
    matched                                84  (_merge==3)
    -----------------------------------------

    Result                           # of obs.
    -----------------------------------------
    not matched                             0
    matched                                84  (_merge==3)
    -----------------------------------------

    Result                           # of obs.
    -----------------------------------------
    not matched                             4
        from master                         4  (_merge==1)
        from using                          0  (_merge==2)

    matched                                80  (_merge==3)
    -----------------------------------------

    Result                           # of obs.
    -----------------------------------------
    not matched                             8
        from master                         8  (_merge==1)
        from using                          0  (_merge==2)

    matched                                76  (_merge==3)
    -----------------------------------------

    Result                           # of obs.
    -----------------------------------------
    not matched                            12
        from master                        12  (_merge==1)
        from using                          0  (_merge==2)

    matched                                72  (_merge==3)
    -----------------------------------------

    Result                           # of obs.
    -----------------------------------------
    not matched                            16
        from master                        16  (_merge==1)
        from using                          0  (_merge==2)

    matched                                68  (_merge==3)
    -----------------------------------------

    Result                           # of obs.
    -----------------------------------------
    not matched                            20
        from master                        20  (_merge==1)
        from using                          0  (_merge==2)

    matched                                64  (_merge==3)
    -----------------------------------------

    Result                           # of obs.
    -----------------------------------------
    not matched                            24
        from master                        24  (_merge==1)
        from using                          0  (_merge==2)

    matched                                60  (_merge==3)
    -----------------------------------------

    Result                           # of obs.
    -----------------------------------------
    not matched                            28
        from master                        28  (_merge==1)
        from using                          0  (_merge==2)

    matched                                56  (_merge==3)
    -----------------------------------------

    Result                           # of obs.
    -----------------------------------------
    not matched                            32
        from master                        32  (_merge==1)
        from using                          0  (_merge==2)

    matched                                52  (_merge==3)
    -----------------------------------------

    Result                           # of obs.
    -----------------------------------------
    not matched                            36
        from master                        36  (_merge==1)
        from using                          0  (_merge==2)

    matched                                48  (_merge==3)
    -----------------------------------------

    Result                           # of obs.
    -----------------------------------------
    not matched                            40
        from master                        40  (_merge==1)
        from using                          0  (_merge==2)

    matched                                44  (_merge==3)
    -----------------------------------------

    Result                           # of obs.
    -----------------------------------------
    not matched                            44
        from master                        44  (_merge==1)
        from using                          0  (_merge==2)

    matched                                40  (_merge==3)
    -----------------------------------------

    Result                           # of obs.
    -----------------------------------------
    not matched                            48
        from master                        48  (_merge==1)
        from using                          0  (_merge==2)

    matched                                36  (_merge==3)
    -----------------------------------------

    Result                           # of obs.
    -----------------------------------------
    not matched                            52
        from master                        52  (_merge==1)
        from using                          0  (_merge==2)

    matched                                32  (_merge==3)
    -----------------------------------------

    Result                           # of obs.
    -----------------------------------------
    not matched                            56
        from master                        56  (_merge==1)
        from using                          0  (_merge==2)

    matched                                28  (_merge==3)
    -----------------------------------------

    Result                           # of obs.
    -----------------------------------------
    not matched                            60
        from master                        60  (_merge==1)
        from using                          0  (_merge==2)

    matched                                24  (_merge==3)
    -----------------------------------------

    Result                           # of obs.
    -----------------------------------------
    not matched                            64
        from master                        64  (_merge==1)
        from using                          0  (_merge==2)

    matched                                20  (_merge==3)
    -----------------------------------------

    Result                           # of obs.
    -----------------------------------------
    not matched                            68
        from master                        68  (_merge==1)
        from using                          0  (_merge==2)

    matched                                16  (_merge==3)
    -----------------------------------------

    Result                           # of obs.
    -----------------------------------------
    not matched                            72
        from master                        72  (_merge==1)
        from using                          0  (_merge==2)

    matched                                12  (_merge==3)
    -----------------------------------------

    Result                           # of obs.
    -----------------------------------------
    not matched                            76
        from master                        76  (_merge==1)
        from using                          0  (_merge==2)

    matched                                 8  (_merge==3)
    -----------------------------------------

    Result                           # of obs.
    -----------------------------------------
    not matched                            80
        from master                        80  (_merge==1)
        from using                          0  (_merge==2)

    matched                                 4  (_merge==3)
    -----------------------------------------

. 
. egen p = rowmean(blev*)

. egen ste = rowmean(ste*)

. gen pupper = p + ste

. gen plower = p - ste

. 
. twoway  ///
> (scatter p eventtime if levport == 0, con(l)) ///
> (line pupper eventtime if levport == 0, lp(dash) lc(gs10)) ///
> (line plower eventtime if levport == 0, lp(dash) lc(gs10)) ///
> ///
> (scatter p eventtime if levport == 1, con(l)) ///
> (line pupper eventtime if levport == 1, lp(dash) lc(gs10)) ///
> (line plower eventtime if levport == 1, lp(dash) lc(gs10)) ///
> ///
> (scatter p eventtime if levport == 2, con(l)) ///
> (line pupper eventtime if levport == 2, lp(dash) lc(gs10)) ///
> (line plower eventtime if levport == 2, lp(dash) lc(gs10)) ///
> ///
> (scatter p eventtime if levport == 3, con(l)) ///
> (line pupper eventtime if levport == 3, lp(dash) lc(gs10)) ///
> (line plower eventtime if levport == 3, lp(dash) lc(gs10)), ///
> legend(label(1 "Low") label(4 "Medium") label(7 "High") label(10 "Very High")
>  rows(1) pos(12) size(vsmall)) ///
> legend(order(1 4 7 10)) ///
> xtitle("Event Time (Years)") ytitle("Book Leverage") ///
> yscale(range(0 0.7)) ylabel(0(0.1)0.7) ///
> xscale(range(0 20)) xlabel(0(1)20)

. 
. graph export "analysis/output/fig/fig1a.pdf", replace
(file analysis/output/fig/fig1a.pdf written in PDF format)

. 
. /* Figure 1: Panel B */
. use "analysis/input/prepared", clear

. keep if survivor == 1
(164,857 observations deleted)

. 
. foreach year of num 1965/1984 {
  2.         preserve
  3.         keep if inrange(fyear, `year', `year' + 20)
  4.         egen levport = cut(blev) if fyear == `year', group(4)
  5.         replace levport = levport[_n - 1] if (gvkey == gvkey[_n - 1]) & mi
> ssing(levport)
  6.         gen eventtime = fyear - `year'
  7.         collapse (mean) blev`year' = blev (semean) ste`year' = blev, by(ev
> enttime levport)
  8.         drop if missing(levport)
  9.         save analysis/temp/levport`year', replace
 10.         restore
 11. }
(48,626 observations deleted)
(56,030 missing values generated)
(16,493 real changes made)
(21 observations deleted)
file analysis/temp/levport1965.dta saved
(46,862 observations deleted)
(57,707 missing values generated)
(17,372 real changes made)
(21 observations deleted)
file analysis/temp/levport1966.dta saved
(45,346 observations deleted)
(59,133 missing values generated)
(17,707 real changes made)
(21 observations deleted)
file analysis/temp/levport1967.dta saved
(44,006 observations deleted)
(60,292 missing values generated)
(19,152 real changes made)
(21 observations deleted)
file analysis/temp/levport1968.dta saved
(42,938 observations deleted)
(61,285 missing values generated)
(19,692 real changes made)
(21 observations deleted)
file analysis/temp/levport1969.dta saved
(42,010 observations deleted)
(62,090 missing values generated)
(20,660 real changes made)
(21 observations deleted)
file analysis/temp/levport1970.dta saved
(41,179 observations deleted)
(62,840 missing values generated)
(20,906 real changes made)
(21 observations deleted)
file analysis/temp/levport1971.dta saved
(40,467 observations deleted)
(63,486 missing values generated)
(21,476 real changes made)
(21 observations deleted)
file analysis/temp/levport1972.dta saved
(39,889 observations deleted)
(63,901 missing values generated)
(23,023 real changes made)
(21 observations deleted)
file analysis/temp/levport1973.dta saved
(39,536 observations deleted)
(63,892 missing values generated)
(25,578 real changes made)
(21 observations deleted)
file analysis/temp/levport1974.dta saved
(39,655 observations deleted)
(63,714 missing values generated)
(25,858 real changes made)
(21 observations deleted)
file analysis/temp/levport1975.dta saved
(39,924 observations deleted)
(63,405 missing values generated)
(25,539 real changes made)
(21 observations deleted)
file analysis/temp/levport1976.dta saved
(40,332 observations deleted)
(62,950 missing values generated)
(26,025 real changes made)
(21 observations deleted)
file analysis/temp/levport1977.dta saved
(40,937 observations deleted)
(62,305 missing values generated)
(25,881 real changes made)
(21 observations deleted)
file analysis/temp/levport1978.dta saved
(41,718 observations deleted)
(61,478 missing values generated)
(25,396 real changes made)
(21 observations deleted)
file analysis/temp/levport1979.dta saved
(42,703 observations deleted)
(60,397 missing values generated)
(25,666 real changes made)
(21 observations deleted)
file analysis/temp/levport1980.dta saved
(43,888 observations deleted)
(59,139 missing values generated)
(25,810 real changes made)
(21 observations deleted)
file analysis/temp/levport1981.dta saved
(45,240 observations deleted)
(57,624 missing values generated)
(26,267 real changes made)
(21 observations deleted)
file analysis/temp/levport1982.dta saved
(46,862 observations deleted)
(55,891 missing values generated)
(26,638 real changes made)
(21 observations deleted)
file analysis/temp/levport1983.dta saved
(50,429 observations deleted)
(52,233 missing values generated)
(26,091 real changes made)
(20 observations deleted)
file analysis/temp/levport1984.dta saved

. 
. use "analysis/temp/levport1965", clear

. 
. foreach year of num 1965/1984 {
  2.         merge 1:1 eventtime levport using analysis/temp/levport`year'
  3.         drop _merge
  4. }

    Result                           # of obs.
    -----------------------------------------
    not matched                             0
    matched                                84  (_merge==3)
    -----------------------------------------

    Result                           # of obs.
    -----------------------------------------
    not matched                             0
    matched                                84  (_merge==3)
    -----------------------------------------

    Result                           # of obs.
    -----------------------------------------
    not matched                             0
    matched                                84  (_merge==3)
    -----------------------------------------

    Result                           # of obs.
    -----------------------------------------
    not matched                             0
    matched                                84  (_merge==3)
    -----------------------------------------

    Result                           # of obs.
    -----------------------------------------
    not matched                             0
    matched                                84  (_merge==3)
    -----------------------------------------

    Result                           # of obs.
    -----------------------------------------
    not matched                             0
    matched                                84  (_merge==3)
    -----------------------------------------

    Result                           # of obs.
    -----------------------------------------
    not matched                             0
    matched                                84  (_merge==3)
    -----------------------------------------

    Result                           # of obs.
    -----------------------------------------
    not matched                             0
    matched                                84  (_merge==3)
    -----------------------------------------

    Result                           # of obs.
    -----------------------------------------
    not matched                             0
    matched                                84  (_merge==3)
    -----------------------------------------

    Result                           # of obs.
    -----------------------------------------
    not matched                             0
    matched                                84  (_merge==3)
    -----------------------------------------

    Result                           # of obs.
    -----------------------------------------
    not matched                             0
    matched                                84  (_merge==3)
    -----------------------------------------

    Result                           # of obs.
    -----------------------------------------
    not matched                             0
    matched                                84  (_merge==3)
    -----------------------------------------

    Result                           # of obs.
    -----------------------------------------
    not matched                             0
    matched                                84  (_merge==3)
    -----------------------------------------

    Result                           # of obs.
    -----------------------------------------
    not matched                             0
    matched                                84  (_merge==3)
    -----------------------------------------

    Result                           # of obs.
    -----------------------------------------
    not matched                             0
    matched                                84  (_merge==3)
    -----------------------------------------

    Result                           # of obs.
    -----------------------------------------
    not matched                             0
    matched                                84  (_merge==3)
    -----------------------------------------

    Result                           # of obs.
    -----------------------------------------
    not matched                             0
    matched                                84  (_merge==3)
    -----------------------------------------

    Result                           # of obs.
    -----------------------------------------
    not matched                             0
    matched                                84  (_merge==3)
    -----------------------------------------

    Result                           # of obs.
    -----------------------------------------
    not matched                             0
    matched                                84  (_merge==3)
    -----------------------------------------

    Result                           # of obs.
    -----------------------------------------
    not matched                             4
        from master                         4  (_merge==1)
        from using                          0  (_merge==2)

    matched                                80  (_merge==3)
    -----------------------------------------

. 
. egen p = rowmean(blev*)

. egen ste = rowmean(ste*)

. gen pupper = p + ste

. gen plower = p - ste

. 
. twoway  ///
> (scatter p eventtime if levport == 0, con(l)) ///
> (line pupper eventtime if levport == 0, lp(dash) lc(gs10)) ///
> (line plower eventtime if levport == 0, lp(dash) lc(gs10)) ///
> ///
> (scatter p eventtime if levport == 1, con(l)) ///
> (line pupper eventtime if levport == 1, lp(dash) lc(gs10)) ///
> (line plower eventtime if levport == 1, lp(dash) lc(gs10)) ///
> ///
> (scatter p eventtime if levport == 2, con(l)) ///
> (line pupper eventtime if levport == 2, lp(dash) lc(gs10)) ///
> (line plower eventtime if levport == 2, lp(dash) lc(gs10)) ///
> ///
> (scatter p eventtime if levport == 3, con(l)) ///
> (line pupper eventtime if levport == 3, lp(dash) lc(gs10)) ///
> (line plower eventtime if levport == 3, lp(dash) lc(gs10)), ///
> legend(label(1 "Low") label(4 "Medium") label(7 "High") label(10 "Very High")
>  rows(1) pos(12) size(vsmall)) ///
> legend(order(1 4 7 10)) ///
> xtitle("Event Time (Years)") ytitle("Book Leverage") ///
> yscale(range(0 0.7)) ylabel(0(0.1)0.7) ///
> xscale(range(0 20)) xlabel(0(1)20)

. 
. graph export "analysis/output/fig/fig1b.pdf", replace
(file analysis/output/fig/fig1b.pdf written in PDF format)

. 
. /* Figure 1: Panel C */
. use "analysis/input/prepared", clear

. 
. foreach year of num 1965/2003 {
  2.         preserve
  3.         keep if inrange(fyear, `year', `year' + 20)
  4.         egen levport = cut(mlev) if fyear == `year', group(4)
  5.         replace levport = levport[_n - 1] if (gvkey == gvkey[_n - 1]) & mi
> ssing(levport)
  6.         gen eventtime = fyear - `year'
  7.         collapse (mean) mlev`year' = mlev (semean) ste`year' = mlev, by(ev
> enttime levport)
  8.         drop if missing(levport)
  9.         save analysis/temp/levport`year', replace
 10.         restore
 11. }
(155,672 observations deleted)
(114,445 missing values generated)
(9,360 real changes made)
(21 observations deleted)
file analysis/temp/levport1965.dta saved
(150,673 observations deleted)
(118,778 missing values generated)
(15,406 real changes made)
(21 observations deleted)
file analysis/temp/levport1966.dta saved
(146,543 observations deleted)
(122,761 missing values generated)
(15,808 real changes made)
(21 observations deleted)
file analysis/temp/levport1967.dta saved
(142,729 observations deleted)
(126,095 missing values generated)
(18,889 real changes made)
(21 observations deleted)
file analysis/temp/levport1968.dta saved
(139,671 observations deleted)
(128,888 missing values generated)
(19,841 real changes made)
(21 observations deleted)
file analysis/temp/levport1969.dta saved
(136,763 observations deleted)
(131,211 missing values generated)
(22,191 real changes made)
(21 observations deleted)
file analysis/temp/levport1970.dta saved
(133,792 observations deleted)
(133,847 missing values generated)
(23,616 real changes made)
(21 observations deleted)
file analysis/temp/levport1971.dta saved
(130,637 observations deleted)
(136,715 missing values generated)
(24,600 real changes made)
(21 observations deleted)
file analysis/temp/levport1972.dta saved
(126,565 observations deleted)
(140,696 missing values generated)
(24,814 real changes made)
(21 observations deleted)
file analysis/temp/levport1973.dta saved
(122,400 observations deleted)
(144,811 missing values generated)
(24,595 real changes made)
(21 observations deleted)
file analysis/temp/levport1974.dta saved
(119,001 observations deleted)
(148,260 missing values generated)
(23,793 real changes made)
(21 observations deleted)
file analysis/temp/levport1975.dta saved
(115,509 observations deleted)
(151,781 missing values generated)
(22,746 real changes made)
(21 observations deleted)
file analysis/temp/levport1976.dta saved
(112,260 observations deleted)
(155,061 missing values generated)
(22,727 real changes made)
(21 observations deleted)
file analysis/temp/levport1977.dta saved
(108,617 observations deleted)
(158,492 missing values generated)
(23,707 real changes made)
(21 observations deleted)
file analysis/temp/levport1978.dta saved
(104,814 observations deleted)
(161,926 missing values generated)
(24,568 real changes made)
(21 observations deleted)
file analysis/temp/levport1979.dta saved
(101,291 observations deleted)
(165,225 missing values generated)
(25,152 real changes made)
(21 observations deleted)
file analysis/temp/levport1980.dta saved
(98,291 observations deleted)
(167,599 missing values generated)
(27,206 real changes made)
(21 observations deleted)
file analysis/temp/levport1981.dta saved
(95,677 observations deleted)
(170,033 missing values generated)
(28,177 real changes made)
(21 observations deleted)
file analysis/temp/levport1982.dta saved
(93,649 observations deleted)
(171,691 missing values generated)
(29,583 real changes made)
(21 observations deleted)
file analysis/temp/levport1983.dta saved
(100,746 observations deleted)
(164,529 missing values generated)
(29,282 real changes made)
(20 observations deleted)
file analysis/temp/levport1984.dta saved
(107,900 observations deleted)
(157,360 missing values generated)
(28,394 real changes made)
(19 observations deleted)
file analysis/temp/levport1985.dta saved
(115,467 observations deleted)
(149,546 missing values generated)
(28,133 real changes made)
(18 observations deleted)
file analysis/temp/levport1986.dta saved
(123,379 observations deleted)
(141,912 missing values generated)
(28,067 real changes made)
(17 observations deleted)
file analysis/temp/levport1987.dta saved
(130,606 observations deleted)
(134,941 missing values generated)
(26,247 real changes made)
(16 observations deleted)
file analysis/temp/levport1988.dta saved
(137,715 observations deleted)
(127,974 missing values generated)
(24,857 real changes made)
(15 observations deleted)
file analysis/temp/levport1989.dta saved
(144,697 observations deleted)
(121,026 missing values generated)
(23,048 real changes made)
(14 observations deleted)
file analysis/temp/levport1990.dta saved
(151,694 observations deleted)
(113,984 missing values generated)
(22,142 real changes made)
(13 observations deleted)
file analysis/temp/levport1991.dta saved
(158,795 observations deleted)
(106,660 missing values generated)
(21,602 real changes made)
(12 observations deleted)
file analysis/temp/levport1992.dta saved
(166,243 observations deleted)
(98,146 missing values generated)
(22,442 real changes made)
(11 observations deleted)
file analysis/temp/levport1993.dta saved
(174,753 observations deleted)
(89,175 missing values generated)
(21,858 real changes made)
(10 observations deleted)
file analysis/temp/levport1994.dta saved
(183,758 observations deleted)
(79,496 missing values generated)
(21,981 real changes made)
(9 observations deleted)
file analysis/temp/levport1995.dta saved
(193,600 observations deleted)
(69,064 missing values generated)
(20,475 real changes made)
(8 observations deleted)
file analysis/temp/levport1996.dta saved
(203,594 observations deleted)
(58,980 missing values generated)
(18,207 real changes made)
(7 observations deleted)
file analysis/temp/levport1997.dta saved
(213,382 observations deleted)
(49,218 missing values generated)
(15,873 real changes made)
(6 observations deleted)
file analysis/temp/levport1998.dta saved
(223,594 observations deleted)
(38,780 missing values generated)
(13,586 real changes made)
(5 observations deleted)
file analysis/temp/levport1999.dta saved
(233,857 observations deleted)
(28,530 missing values generated)
(10,646 real changes made)
(4 observations deleted)
file analysis/temp/levport2000.dta saved
(243,741 observations deleted)
(19,018 missing values generated)
(7,200 real changes made)
(3 observations deleted)
file analysis/temp/levport2001.dta saved
(253,181 observations deleted)
(9,960 missing values generated)
(3,622 real changes made)
(2 observations deleted)
file analysis/temp/levport2002.dta saved
(262,271 observations deleted)
(1,180 missing values generated)
(0 real changes made)
(1 observation deleted)
file analysis/temp/levport2003.dta saved

. 
. use "analysis/temp/levport1965", clear

. 
. foreach year of num 1966/2003 {
  2.         merge 1:1 eventtime levport using analysis/temp/levport`year'
  3.         drop _merge
  4. }

    Result                           # of obs.
    -----------------------------------------
    not matched                             0
    matched                                84  (_merge==3)
    -----------------------------------------

    Result                           # of obs.
    -----------------------------------------
    not matched                             0
    matched                                84  (_merge==3)
    -----------------------------------------

    Result                           # of obs.
    -----------------------------------------
    not matched                             0
    matched                                84  (_merge==3)
    -----------------------------------------

    Result                           # of obs.
    -----------------------------------------
    not matched                             0
    matched                                84  (_merge==3)
    -----------------------------------------

    Result                           # of obs.
    -----------------------------------------
    not matched                             0
    matched                                84  (_merge==3)
    -----------------------------------------

    Result                           # of obs.
    -----------------------------------------
    not matched                             0
    matched                                84  (_merge==3)
    -----------------------------------------

    Result                           # of obs.
    -----------------------------------------
    not matched                             0
    matched                                84  (_merge==3)
    -----------------------------------------

    Result                           # of obs.
    -----------------------------------------
    not matched                             0
    matched                                84  (_merge==3)
    -----------------------------------------

    Result                           # of obs.
    -----------------------------------------
    not matched                             0
    matched                                84  (_merge==3)
    -----------------------------------------

    Result                           # of obs.
    -----------------------------------------
    not matched                             0
    matched                                84  (_merge==3)
    -----------------------------------------

    Result                           # of obs.
    -----------------------------------------
    not matched                             0
    matched                                84  (_merge==3)
    -----------------------------------------

    Result                           # of obs.
    -----------------------------------------
    not matched                             0
    matched                                84  (_merge==3)
    -----------------------------------------

    Result                           # of obs.
    -----------------------------------------
    not matched                             0
    matched                                84  (_merge==3)
    -----------------------------------------

    Result                           # of obs.
    -----------------------------------------
    not matched                             0
    matched                                84  (_merge==3)
    -----------------------------------------

    Result                           # of obs.
    -----------------------------------------
    not matched                             0
    matched                                84  (_merge==3)
    -----------------------------------------

    Result                           # of obs.
    -----------------------------------------
    not matched                             0
    matched                                84  (_merge==3)
    -----------------------------------------

    Result                           # of obs.
    -----------------------------------------
    not matched                             0
    matched                                84  (_merge==3)
    -----------------------------------------

    Result                           # of obs.
    -----------------------------------------
    not matched                             0
    matched                                84  (_merge==3)
    -----------------------------------------

    Result                           # of obs.
    -----------------------------------------
    not matched                             4
        from master                         4  (_merge==1)
        from using                          0  (_merge==2)

    matched                                80  (_merge==3)
    -----------------------------------------

    Result                           # of obs.
    -----------------------------------------
    not matched                             8
        from master                         8  (_merge==1)
        from using                          0  (_merge==2)

    matched                                76  (_merge==3)
    -----------------------------------------

    Result                           # of obs.
    -----------------------------------------
    not matched                            12
        from master                        12  (_merge==1)
        from using                          0  (_merge==2)

    matched                                72  (_merge==3)
    -----------------------------------------

    Result                           # of obs.
    -----------------------------------------
    not matched                            16
        from master                        16  (_merge==1)
        from using                          0  (_merge==2)

    matched                                68  (_merge==3)
    -----------------------------------------

    Result                           # of obs.
    -----------------------------------------
    not matched                            20
        from master                        20  (_merge==1)
        from using                          0  (_merge==2)

    matched                                64  (_merge==3)
    -----------------------------------------

    Result                           # of obs.
    -----------------------------------------
    not matched                            24
        from master                        24  (_merge==1)
        from using                          0  (_merge==2)

    matched                                60  (_merge==3)
    -----------------------------------------

    Result                           # of obs.
    -----------------------------------------
    not matched                            28
        from master                        28  (_merge==1)
        from using                          0  (_merge==2)

    matched                                56  (_merge==3)
    -----------------------------------------

    Result                           # of obs.
    -----------------------------------------
    not matched                            32
        from master                        32  (_merge==1)
        from using                          0  (_merge==2)

    matched                                52  (_merge==3)
    -----------------------------------------

    Result                           # of obs.
    -----------------------------------------
    not matched                            36
        from master                        36  (_merge==1)
        from using                          0  (_merge==2)

    matched                                48  (_merge==3)
    -----------------------------------------

    Result                           # of obs.
    -----------------------------------------
    not matched                            40
        from master                        40  (_merge==1)
        from using                          0  (_merge==2)

    matched                                44  (_merge==3)
    -----------------------------------------

    Result                           # of obs.
    -----------------------------------------
    not matched                            44
        from master                        44  (_merge==1)
        from using                          0  (_merge==2)

    matched                                40  (_merge==3)
    -----------------------------------------

    Result                           # of obs.
    -----------------------------------------
    not matched                            48
        from master                        48  (_merge==1)
        from using                          0  (_merge==2)

    matched                                36  (_merge==3)
    -----------------------------------------

    Result                           # of obs.
    -----------------------------------------
    not matched                            52
        from master                        52  (_merge==1)
        from using                          0  (_merge==2)

    matched                                32  (_merge==3)
    -----------------------------------------

    Result                           # of obs.
    -----------------------------------------
    not matched                            56
        from master                        56  (_merge==1)
        from using                          0  (_merge==2)

    matched                                28  (_merge==3)
    -----------------------------------------

    Result                           # of obs.
    -----------------------------------------
    not matched                            60
        from master                        60  (_merge==1)
        from using                          0  (_merge==2)

    matched                                24  (_merge==3)
    -----------------------------------------

    Result                           # of obs.
    -----------------------------------------
    not matched                            64
        from master                        64  (_merge==1)
        from using                          0  (_merge==2)

    matched                                20  (_merge==3)
    -----------------------------------------

    Result                           # of obs.
    -----------------------------------------
    not matched                            68
        from master                        68  (_merge==1)
        from using                          0  (_merge==2)

    matched                                16  (_merge==3)
    -----------------------------------------

    Result                           # of obs.
    -----------------------------------------
    not matched                            72
        from master                        72  (_merge==1)
        from using                          0  (_merge==2)

    matched                                12  (_merge==3)
    -----------------------------------------

    Result                           # of obs.
    -----------------------------------------
    not matched                            76
        from master                        76  (_merge==1)
        from using                          0  (_merge==2)

    matched                                 8  (_merge==3)
    -----------------------------------------

    Result                           # of obs.
    -----------------------------------------
    not matched                            80
        from master                        80  (_merge==1)
        from using                          0  (_merge==2)

    matched                                 4  (_merge==3)
    -----------------------------------------

. 
. egen p = rowmean(mlev*)

. egen ste = rowmean(ste*)

. gen pupper = p + ste

. gen plower = p - ste

. 
. twoway  ///
> (scatter p eventtime if levport == 0, con(l)) ///
> (line pupper eventtime if levport == 0, lp(dash) lc(gs10)) ///
> (line plower eventtime if levport == 0, lp(dash) lc(gs10)) ///
> ///
> (scatter p eventtime if levport == 1, con(l)) ///
> (line pupper eventtime if levport == 1, lp(dash) lc(gs10)) ///
> (line plower eventtime if levport == 1, lp(dash) lc(gs10)) ///
> ///
> (scatter p eventtime if levport == 2, con(l)) ///
> (line pupper eventtime if levport == 2, lp(dash) lc(gs10)) ///
> (line plower eventtime if levport == 2, lp(dash) lc(gs10)) ///
> ///
> (scatter p eventtime if levport == 3, con(l)) ///
> (line pupper eventtime if levport == 3, lp(dash) lc(gs10)) ///
> (line plower eventtime if levport == 3, lp(dash) lc(gs10)), ///
> legend(label(1 "Low") label(4 "Medium") label(7 "High") label(10 "Very High")
>  rows(1) pos(12) size(vsmall)) ///
> legend(order(1 4 7 10)) ///
> xtitle("Event Time (Years)") ytitle("Market Leverage") ///
> yscale(range(0 0.7)) ylabel(0(0.1)0.7) ///
> xscale(range(0 20)) xlabel(0(1)20)

. 
. graph export "analysis/output/fig/fig1c.pdf", replace
(file analysis/output/fig/fig1c.pdf written in PDF format)

. 
. /* Figure 1: Panel D */
. use "analysis/input/prepared", clear

. keep if survivor == 1
(164,857 observations deleted)

. 
. foreach year of num 1965/1984 {
  2.         preserve
  3.         keep if inrange(fyear, `year', `year' + 20)
  4.         egen levport = cut(mlev) if fyear == `year', group(4)
  5.         replace levport = levport[_n - 1] if (gvkey == gvkey[_n - 1]) & mi
> ssing(levport)
  6.         gen eventtime = fyear - `year'
  7.         collapse (mean) mlev`year' = mlev (semean) ste`year' = mlev, by(ev
> enttime levport)
  8.         drop if missing(levport)
  9.         save analysis/temp/levport`year', replace
 10.         restore
 11. }
(48,626 observations deleted)
(56,879 missing values generated)
(7,726 real changes made)
(21 observations deleted)
file analysis/temp/levport1965.dta saved
(46,862 observations deleted)
(58,223 missing values generated)
(12,260 real changes made)
(21 observations deleted)
file analysis/temp/levport1966.dta saved
(45,346 observations deleted)
(59,662 missing values generated)
(12,561 real changes made)
(21 observations deleted)
file analysis/temp/levport1967.dta saved
(44,006 observations deleted)
(60,754 missing values generated)
(14,695 real changes made)
(21 observations deleted)
file analysis/temp/levport1968.dta saved
(42,938 observations deleted)
(61,722 missing values generated)
(15,319 real changes made)
(21 observations deleted)
file analysis/temp/levport1969.dta saved
(42,010 observations deleted)
(62,461 missing values generated)
(17,167 real changes made)
(21 observations deleted)
file analysis/temp/levport1970.dta saved
(41,179 observations deleted)
(63,162 missing values generated)
(17,929 real changes made)
(21 observations deleted)
file analysis/temp/levport1971.dta saved
(40,467 observations deleted)
(63,784 missing values generated)
(18,691 real changes made)
(21 observations deleted)
file analysis/temp/levport1972.dta saved
(39,889 observations deleted)
(64,276 missing values generated)
(19,412 real changes made)
(21 observations deleted)
file analysis/temp/levport1973.dta saved
(39,536 observations deleted)
(64,580 missing values generated)
(19,205 real changes made)
(21 observations deleted)
file analysis/temp/levport1974.dta saved
(39,655 observations deleted)
(64,443 missing values generated)
(19,096 real changes made)
(21 observations deleted)
file analysis/temp/levport1975.dta saved
(39,924 observations deleted)
(64,143 missing values generated)
(18,725 real changes made)
(21 observations deleted)
file analysis/temp/levport1976.dta saved
(40,332 observations deleted)
(63,688 missing values generated)
(19,175 real changes made)
(21 observations deleted)
file analysis/temp/levport1977.dta saved
(40,937 observations deleted)
(62,988 missing values generated)
(19,852 real changes made)
(21 observations deleted)
file analysis/temp/levport1978.dta saved
(41,718 observations deleted)
(62,082 missing values generated)
(20,230 real changes made)
(21 observations deleted)
file analysis/temp/levport1979.dta saved
(42,703 observations deleted)
(61,003 missing values generated)
(20,645 real changes made)
(21 observations deleted)
file analysis/temp/levport1980.dta saved
(43,888 observations deleted)
(59,610 missing values generated)
(21,986 real changes made)
(21 observations deleted)
file analysis/temp/levport1981.dta saved
(45,240 observations deleted)
(58,034 missing values generated)
(22,646 real changes made)
(21 observations deleted)
file analysis/temp/levport1982.dta saved
(46,862 observations deleted)
(56,269 missing values generated)
(23,677 real changes made)
(21 observations deleted)
file analysis/temp/levport1983.dta saved
(50,429 observations deleted)
(52,624 missing values generated)
(23,055 real changes made)
(20 observations deleted)
file analysis/temp/levport1984.dta saved

. 
. use "analysis/temp/levport1965", clear

. 
. foreach year of num 1966/1984 {
  2.         merge 1:1 eventtime levport using analysis/temp/levport`year'
  3.         drop _merge
  4. }

    Result                           # of obs.
    -----------------------------------------
    not matched                             0
    matched                                84  (_merge==3)
    -----------------------------------------

    Result                           # of obs.
    -----------------------------------------
    not matched                             0
    matched                                84  (_merge==3)
    -----------------------------------------

    Result                           # of obs.
    -----------------------------------------
    not matched                             0
    matched                                84  (_merge==3)
    -----------------------------------------

    Result                           # of obs.
    -----------------------------------------
    not matched                             0
    matched                                84  (_merge==3)
    -----------------------------------------

    Result                           # of obs.
    -----------------------------------------
    not matched                             0
    matched                                84  (_merge==3)
    -----------------------------------------

    Result                           # of obs.
    -----------------------------------------
    not matched                             0
    matched                                84  (_merge==3)
    -----------------------------------------

    Result                           # of obs.
    -----------------------------------------
    not matched                             0
    matched                                84  (_merge==3)
    -----------------------------------------

    Result                           # of obs.
    -----------------------------------------
    not matched                             0
    matched                                84  (_merge==3)
    -----------------------------------------

    Result                           # of obs.
    -----------------------------------------
    not matched                             0
    matched                                84  (_merge==3)
    -----------------------------------------

    Result                           # of obs.
    -----------------------------------------
    not matched                             0
    matched                                84  (_merge==3)
    -----------------------------------------

    Result                           # of obs.
    -----------------------------------------
    not matched                             0
    matched                                84  (_merge==3)
    -----------------------------------------

    Result                           # of obs.
    -----------------------------------------
    not matched                             0
    matched                                84  (_merge==3)
    -----------------------------------------

    Result                           # of obs.
    -----------------------------------------
    not matched                             0
    matched                                84  (_merge==3)
    -----------------------------------------

    Result                           # of obs.
    -----------------------------------------
    not matched                             0
    matched                                84  (_merge==3)
    -----------------------------------------

    Result                           # of obs.
    -----------------------------------------
    not matched                             0
    matched                                84  (_merge==3)
    -----------------------------------------

    Result                           # of obs.
    -----------------------------------------
    not matched                             0
    matched                                84  (_merge==3)
    -----------------------------------------

    Result                           # of obs.
    -----------------------------------------
    not matched                             0
    matched                                84  (_merge==3)
    -----------------------------------------

    Result                           # of obs.
    -----------------------------------------
    not matched                             0
    matched                                84  (_merge==3)
    -----------------------------------------

    Result                           # of obs.
    -----------------------------------------
    not matched                             4
        from master                         4  (_merge==1)
        from using                          0  (_merge==2)

    matched                                80  (_merge==3)
    -----------------------------------------

. 
. egen p = rowmean(mlev*)

. egen ste = rowmean(ste*)

. gen pupper = p + ste

. gen plower = p - ste

. 
. twoway  ///
> (scatter p eventtime if levport == 0, con(l)) ///
> (line pupper eventtime if levport == 0, lp(dash) lc(gs10)) ///
> (line plower eventtime if levport == 0, lp(dash) lc(gs10)) ///
> ///
> (scatter p eventtime if levport == 1, con(l)) ///
> (line pupper eventtime if levport == 1, lp(dash) lc(gs10)) ///
> (line plower eventtime if levport == 1, lp(dash) lc(gs10)) ///
> ///
> (scatter p eventtime if levport == 2, con(l)) ///
> (line pupper eventtime if levport == 2, lp(dash) lc(gs10)) ///
> (line plower eventtime if levport == 2, lp(dash) lc(gs10)) ///
> ///
> (scatter p eventtime if levport == 3, con(l)) ///
> (line pupper eventtime if levport == 3, lp(dash) lc(gs10)) ///
> (line plower eventtime if levport == 3, lp(dash) lc(gs10)), ///
> legend(label(1 "Low") label(4 "Medium") label(7 "High") label(10 "Very High")
>  rows(1) pos(12) size(vsmall)) ///
> legend(order(1 4 7 10)) ///
> xtitle("Event Time (Years)") ytitle("Market Leverage") ///
> yscale(range(0 0.7)) ylabel(0(0.1)0.7) ///
> xscale(range(0 20)) xlabel(0(1)20)

. 
. graph export "analysis/output/fig/fig1d.pdf", replace
(file analysis/output/fig/fig1d.pdf written in PDF format)

. 
. 
end of do-file
