
  ___  ____  ____  ____  ____ (R)
 /__    /   ____/   /   ____/
___/   /   /___/   /   /___/   16.1   Copyright 1985-2019 StataCorp LLC
  Statistics/Data analysis            StataCorp
                                      4905 Lakeway Drive
     Special Edition                  College Station, Texas 77845 USA
                                      800-STATA-PC        https://www.stata.com
                                      979-696-4600        stata@stata.com
                                      979-696-4601 (fax)

Stata license: Single-user , expiring  5 Jul 2021
Serial number: 401609700731
  Licensed to: Yongseok Kim
               Indiana University Bloomington

Notes:
      1. Stata is running in batch mode.
      2. Unicode is supported; see help unicode_advice.
      3. Maximum number of variables is set to 5,000; see help set_maxvar.

. do tabulate_tab3.do 

. clear all

. set more off

. 
. cd "~/Projects/Replication/LRZ2008"
/Users/apple/Projects/Replication/LRZ2008

. use "analysis/temp/vardecompose"

. 
. qui tostring *, force replace format ("%3.2f")

. 
. listtab * using "analysis/output/tab/tab3.tex", rstyle(tabular) replace ///
> head("\begin{tabular}{l c c c c c c c c c c c c c c}" ///
> "\toprule" ///
> "& \multicolumn{7}{c}{Book Leverage} & \multicolumn{7}{c}{Market Leverage} \\
> " ///
> "\cmidrule(lr){2-8} \cmidrule(lr){9-15}" ///
> "Variable & (a) & (b) & (c) & (d) & (e) & (f) & (g) & (a) & (b) & (c) & (d) &
>  (e) & (f) & (g) \\" ///
> "\midrule") ///
> foot("\bottomrule" "\end{tabular}")

. 
end of do-file
